app/build/intermediates/manifest_merge_blame_file/debug/processDebugMainManifest/manifest-merger-blame-debug-report.txt
1<?xml version="1.0" encoding="utf-8"?>
2<manifest xmlns:android="http://schemas.android.com/apk/res/android"
3    package="dev.aurakai.auraframefx.debug"
4    android:versionCode="1"
5    android:versionName="1.0.0-debug" >
6
7    <uses-sdk
8        android:minSdkVersion="33"
9        android:targetSdkVersion="36" />
10
11    <uses-permission android:name="android.permission.INTERNET" />
11-->src\main\AndroidManifest.xml:4:5-67
11-->src\main\AndroidManifest.xml:4:22-64
12    <uses-permission android:name="android.permission.VIBRATE" />
12-->src\main\AndroidManifest.xml:5:5-66
12-->src\main\AndroidManifest.xml:5:22-63
13    <uses-permission android:name="android.permission.RECEIVE_BOOT_COMPLETED" />
13-->src\main\AndroidManifest.xml:6:5-81
13-->src\main\AndroidManifest.xml:6:22-78
14    <uses-permission android:name="android.permission.ACCESS_NETWORK_STATE" />
14-->[com.google.android.gms:play-services-measurement-api:23.0.0] AndroidManifest.xml:23:5-79
14-->[com.google.android.gms:play-services-measurement-api:23.0.0] AndroidManifest.xml:23:22-76
15    <uses-permission android:name="android.permission.WAKE_LOCK" />
15-->[com.google.android.gms:play-services-measurement-api:23.0.0] AndroidManifest.xml:24:5-68
15-->[com.google.android.gms:play-services-measurement-api:23.0.0] AndroidManifest.xml:24:22-65
16    <uses-permission android:name="com.google.android.gms.permission.AD_ID" />
16-->[com.google.android.gms:play-services-measurement-api:23.0.0] AndroidManifest.xml:25:5-79
16-->[com.google.android.gms:play-services-measurement-api:23.0.0] AndroidManifest.xml:25:22-76
17    <uses-permission android:name="android.permission.ACCESS_ADSERVICES_ATTRIBUTION" />
17-->[com.google.android.gms:play-services-measurement-api:23.0.0] AndroidManifest.xml:26:5-88
17-->[com.google.android.gms:play-services-measurement-api:23.0.0] AndroidManifest.xml:26:22-85
18    <uses-permission android:name="android.permission.ACCESS_ADSERVICES_AD_ID" />
18-->[com.google.android.gms:play-services-measurement-api:23.0.0] AndroidManifest.xml:27:5-82
18-->[com.google.android.gms:play-services-measurement-api:23.0.0] AndroidManifest.xml:27:22-79
19    <uses-permission android:name="com.google.android.finsky.permission.BIND_GET_INSTALL_REFERRER_SERVICE" />
19-->[com.google.android.gms:play-services-measurement:23.0.0] AndroidManifest.xml:26:5-110
19-->[com.google.android.gms:play-services-measurement:23.0.0] AndroidManifest.xml:26:22-107
20
21    <permission
21-->[androidx.core:core:1.16.0] AndroidManifest.xml:22:5-24:47
22        android:name="dev.aurakai.auraframefx.debug.DYNAMIC_RECEIVER_NOT_EXPORTED_PERMISSION"
22-->[androidx.core:core:1.16.0] AndroidManifest.xml:23:9-81
23        android:protectionLevel="signature" />
23-->[androidx.core:core:1.16.0] AndroidManifest.xml:24:9-44
24
25    <uses-permission android:name="dev.aurakai.auraframefx.debug.DYNAMIC_RECEIVER_NOT_EXPORTED_PERMISSION" /> <!-- To store the heap dumps and leak analysis results. -->
25-->[androidx.core:core:1.16.0] AndroidManifest.xml:26:5-97
25-->[androidx.core:core:1.16.0] AndroidManifest.xml:26:22-94
26    <uses-permission android:name="android.permission.READ_EXTERNAL_STORAGE" />
26-->[com.squareup.leakcanary:leakcanary-android-core:2.14] AndroidManifest.xml:25:5-80
26-->[com.squareup.leakcanary:leakcanary-android-core:2.14] AndroidManifest.xml:25:22-77
27    <uses-permission android:name="android.permission.WRITE_EXTERNAL_STORAGE" /> <!-- To allow posting notifications on Android 13 -->
27-->[com.squareup.leakcanary:leakcanary-android-core:2.14] AndroidManifest.xml:26:5-81
27-->[com.squareup.leakcanary:leakcanary-android-core:2.14] AndroidManifest.xml:26:22-78
28    <uses-permission android:name="android.permission.POST_NOTIFICATIONS" />
28-->[com.squareup.leakcanary:leakcanary-android-core:2.14] AndroidManifest.xml:29:5-77
28-->[com.squareup.leakcanary:leakcanary-android-core:2.14] AndroidManifest.xml:29:22-74
29
30    <application
30-->src\main\AndroidManifest.xml:8:5-72:19
31        android:name="dev.aurakai.auraframefx.AuraFrameApplication"
31-->src\main\AndroidManifest.xml:9:9-45
32        android:appComponentFactory="androidx.core.app.CoreComponentFactory"
32-->[androidx.core:core:1.16.0] AndroidManifest.xml:28:18-86
33        android:debuggable="true"
34        android:enableOnBackInvokedCallback="true"
34-->src\main\AndroidManifest.xml:15:9-51
35        android:extractNativeLibs="true"
36        android:icon="@mipmap/ic_launcher"
36-->src\main\AndroidManifest.xml:10:9-43
37        android:label="AuraFrameFX LSPosed Module"
37-->src\main\AndroidManifest.xml:11:9-51
38        android:roundIcon="@mipmap/ic_launcher_round"
38-->src\main\AndroidManifest.xml:12:9-54
39        android:supportsRtl="true"
39-->src\main\AndroidManifest.xml:13:9-35
40        android:testOnly="true"
41        android:theme="@style/Theme.AuraFrameFX" >
41-->src\main\AndroidManifest.xml:14:9-49
42
43        <!-- Genesis-OS Xposed/LSPosed Module Configuration -->
44        <meta-data
44-->src\main\AndroidManifest.xml:17:9-19:36
45            android:name="xposedmodule"
45-->src\main\AndroidManifest.xml:18:13-40
46            android:value="true" />
46-->src\main\AndroidManifest.xml:19:13-33
47        <meta-data
47-->src\main\AndroidManifest.xml:20:9-22:58
48            android:name="xposeddescription"
48-->src\main\AndroidManifest.xml:21:13-45
49            android:value="@string/xposed_description" />
49-->src\main\AndroidManifest.xml:22:13-55
50        <meta-data
50-->src\main\AndroidManifest.xml:23:9-25:34
51            android:name="xposedminversion"
51-->src\main\AndroidManifest.xml:24:13-44
52            android:value="82" />
52-->src\main\AndroidManifest.xml:25:13-31
53        <meta-data
53-->src\main\AndroidManifest.xml:26:9-28:54
54            android:name="xposedscope"
54-->src\main\AndroidManifest.xml:27:13-39
55            android:resource="@array/xposed_scope" />
55-->src\main\AndroidManifest.xml:28:13-51
56
57        <!-- Yuki Hook API Configuration -->
58        <meta-data
58-->src\main\AndroidManifest.xml:31:9-33:36
59            android:name="yukihookapi_module"
59-->src\main\AndroidManifest.xml:32:13-46
60            android:value="true" />
60-->src\main\AndroidManifest.xml:33:13-33
61        <meta-data
61-->src\main\AndroidManifest.xml:34:9-36:55
62            android:name="yukihookapi_module_name"
62-->src\main\AndroidManifest.xml:35:13-51
63            android:value="Genesis-OS AI Framework" />
63-->src\main\AndroidManifest.xml:36:13-52
64        <meta-data
64-->src\main\AndroidManifest.xml:37:9-39:37
65            android:name="yukihookapi_module_version"
65-->src\main\AndroidManifest.xml:38:13-54
66            android:value="1.0.0" />
66-->src\main\AndroidManifest.xml:39:13-34
67
68        <activity
68-->src\main\AndroidManifest.xml:41:9-48:20
69            android:name="dev.aurakai.auraframefx.MainActivity"
69-->src\main\AndroidManifest.xml:42:13-41
70            android:exported="true" >
70-->src\main\AndroidManifest.xml:43:13-36
71            <intent-filter>
71-->src\main\AndroidManifest.xml:44:13-47:29
72                <action android:name="android.intent.action.MAIN" />
72-->src\main\AndroidManifest.xml:45:17-69
72-->src\main\AndroidManifest.xml:45:25-66
73
74                <category android:name="android.intent.category.LAUNCHER" />
74-->src\main\AndroidManifest.xml:46:17-77
74-->src\main\AndroidManifest.xml:46:27-74
75            </intent-filter>
76        </activity>
77
78        <service
78-->src\main\AndroidManifest.xml:50:9-52:40
79            android:name="dev.aurakai.auraframefx.VertexSyncService"
79-->src\main\AndroidManifest.xml:51:13-46
80            android:exported="false" />
80-->src\main\AndroidManifest.xml:52:13-37
81        <service
81-->src\main\AndroidManifest.xml:53:9-55:40
82            android:name="dev.aurakai.auraframefx.security.IntegrityMonitorService"
82-->src\main\AndroidManifest.xml:54:13-61
83            android:exported="false" />
83-->src\main\AndroidManifest.xml:55:13-37
84
85        <receiver
85-->src\main\AndroidManifest.xml:57:9-64:20
86            android:name="dev.aurakai.auraframefx.receivers.BootCompletedReceiver"
86-->src\main\AndroidManifest.xml:58:13-60
87            android:enabled="true"
87-->src\main\AndroidManifest.xml:59:13-35
88            android:exported="true" >
88-->src\main\AndroidManifest.xml:60:13-36
89            <intent-filter>
89-->src\main\AndroidManifest.xml:61:13-63:29
90                <action android:name="android.intent.action.BOOT_COMPLETED" />
90-->src\main\AndroidManifest.xml:62:17-79
90-->src\main\AndroidManifest.xml:62:25-76
91            </intent-filter>
92        </receiver>
93        <receiver
93-->src\main\AndroidManifest.xml:65:9-71:20
94            android:name="dev.aurakai.auraframefx.security.IntegrityViolationReceiver"
94-->src\main\AndroidManifest.xml:66:13-64
95            android:exported="true" >
95-->src\main\AndroidManifest.xml:67:13-36
96            <intent-filter>
96-->src\main\AndroidManifest.xml:68:13-70:29
97                <action android:name="dev.aurakai.auraframefx.ACTION_INTEGRITY_VIOLATION" />
97-->src\main\AndroidManifest.xml:69:17-93
97-->src\main\AndroidManifest.xml:69:25-90
98            </intent-filter>
99        </receiver>
100
101        <activity
101-->[androidx.compose.ui:ui-tooling-android:1.9.0-rc01] AndroidManifest.xml:23:9-25:39
102            android:name="androidx.compose.ui.tooling.PreviewActivity"
102-->[androidx.compose.ui:ui-tooling-android:1.9.0-rc01] AndroidManifest.xml:24:13-71
103            android:exported="true" />
103-->[androidx.compose.ui:ui-tooling-android:1.9.0-rc01] AndroidManifest.xml:25:13-36
104
105        <service
105-->[com.google.firebase:firebase-analytics-ktx:22.1.2] AndroidManifest.xml:8:9-14:19
106            android:name="com.google.firebase.components.ComponentDiscoveryService"
106-->[com.google.firebase:firebase-analytics-ktx:22.1.2] AndroidManifest.xml:9:13-84
107            android:directBootAware="true"
107-->[com.google.firebase:firebase-common:22.0.0] AndroidManifest.xml:32:13-43
108            android:exported="false" >
108-->[com.google.firebase:firebase-analytics-ktx:22.1.2] AndroidManifest.xml:10:13-37
109            <meta-data
109-->[com.google.firebase:firebase-analytics-ktx:22.1.2] AndroidManifest.xml:11:13-13:85
110                android:name="com.google.firebase.components:com.google.firebase.analytics.ktx.FirebaseAnalyticsLegacyRegistrar"
110-->[com.google.firebase:firebase-analytics-ktx:22.1.2] AndroidManifest.xml:12:17-129
111                android:value="com.google.firebase.components.ComponentRegistrar" />
111-->[com.google.firebase:firebase-analytics-ktx:22.1.2] AndroidManifest.xml:13:17-82
112            <meta-data
112-->[com.google.firebase:firebase-crashlytics-ktx:19.2.1] AndroidManifest.xml:24:13-26:85
113                android:name="com.google.firebase.components:com.google.firebase.crashlytics.ktx.FirebaseCrashlyticsKtxRegistrar"
113-->[com.google.firebase:firebase-crashlytics-ktx:19.2.1] AndroidManifest.xml:25:17-130
114                android:value="com.google.firebase.components.ComponentRegistrar" />
114-->[com.google.firebase:firebase-crashlytics-ktx:19.2.1] AndroidManifest.xml:26:17-82
115            <meta-data
115-->[com.google.firebase:firebase-common-ktx:21.0.0] AndroidManifest.xml:12:13-14:85
116                android:name="com.google.firebase.components:com.google.firebase.ktx.FirebaseCommonLegacyRegistrar"
116-->[com.google.firebase:firebase-common-ktx:21.0.0] AndroidManifest.xml:13:17-116
117                android:value="com.google.firebase.components.ComponentRegistrar" />
117-->[com.google.firebase:firebase-common-ktx:21.0.0] AndroidManifest.xml:14:17-82
118            <meta-data
118-->[com.google.firebase:firebase-crashlytics:20.0.0] AndroidManifest.xml:15:13-17:85
119                android:name="com.google.firebase.components:com.google.firebase.crashlytics.FirebaseCrashlyticsKtxRegistrar"
119-->[com.google.firebase:firebase-crashlytics:20.0.0] AndroidManifest.xml:16:17-126
120                android:value="com.google.firebase.components.ComponentRegistrar" />
120-->[com.google.firebase:firebase-crashlytics:20.0.0] AndroidManifest.xml:17:17-82
121            <meta-data
121-->[com.google.firebase:firebase-crashlytics:20.0.0] AndroidManifest.xml:18:13-20:85
122                android:name="com.google.firebase.components:com.google.firebase.crashlytics.CrashlyticsRegistrar"
122-->[com.google.firebase:firebase-crashlytics:20.0.0] AndroidManifest.xml:19:17-115
123                android:value="com.google.firebase.components.ComponentRegistrar" />
123-->[com.google.firebase:firebase-crashlytics:20.0.0] AndroidManifest.xml:20:17-82
124            <meta-data
124-->[com.google.android.gms:play-services-measurement-api:23.0.0] AndroidManifest.xml:33:13-35:85
125                android:name="com.google.firebase.components:com.google.firebase.analytics.connector.internal.AnalyticsConnectorRegistrar"
125-->[com.google.android.gms:play-services-measurement-api:23.0.0] AndroidManifest.xml:34:17-139
126                android:value="com.google.firebase.components.ComponentRegistrar" />
126-->[com.google.android.gms:play-services-measurement-api:23.0.0] AndroidManifest.xml:35:17-82
127            <meta-data
127-->[com.google.firebase:firebase-sessions:3.0.0] AndroidManifest.xml:25:13-27:85
128                android:name="com.google.firebase.components:com.google.firebase.sessions.FirebaseSessionsRegistrar"
128-->[com.google.firebase:firebase-sessions:3.0.0] AndroidManifest.xml:26:17-117
129                android:value="com.google.firebase.components.ComponentRegistrar" />
129-->[com.google.firebase:firebase-sessions:3.0.0] AndroidManifest.xml:27:17-82
130            <meta-data
130-->[com.google.firebase:firebase-installations:19.0.0] AndroidManifest.xml:15:13-17:85
131                android:name="com.google.firebase.components:com.google.firebase.installations.FirebaseInstallationsKtxRegistrar"
131-->[com.google.firebase:firebase-installations:19.0.0] AndroidManifest.xml:16:17-130
132                android:value="com.google.firebase.components.ComponentRegistrar" />
132-->[com.google.firebase:firebase-installations:19.0.0] AndroidManifest.xml:17:17-82
133            <meta-data
133-->[com.google.firebase:firebase-installations:19.0.0] AndroidManifest.xml:18:13-20:85
134                android:name="com.google.firebase.components:com.google.firebase.installations.FirebaseInstallationsRegistrar"
134-->[com.google.firebase:firebase-installations:19.0.0] AndroidManifest.xml:19:17-127
135                android:value="com.google.firebase.components.ComponentRegistrar" />
135-->[com.google.firebase:firebase-installations:19.0.0] AndroidManifest.xml:20:17-82
136            <meta-data
136-->[com.google.firebase:firebase-common:22.0.0] AndroidManifest.xml:35:13-37:85
137                android:name="com.google.firebase.components:com.google.firebase.FirebaseCommonKtxRegistrar"
137-->[com.google.firebase:firebase-common:22.0.0] AndroidManifest.xml:36:17-109
138                android:value="com.google.firebase.components.ComponentRegistrar" />
138-->[com.google.firebase:firebase-common:22.0.0] AndroidManifest.xml:37:17-82
139            <meta-data
139-->[com.google.firebase:firebase-datatransport:19.0.0] AndroidManifest.xml:25:13-27:85
140                android:name="com.google.firebase.components:com.google.firebase.datatransport.TransportRegistrar"
140-->[com.google.firebase:firebase-datatransport:19.0.0] AndroidManifest.xml:26:17-115
141                android:value="com.google.firebase.components.ComponentRegistrar" />
141-->[com.google.firebase:firebase-datatransport:19.0.0] AndroidManifest.xml:27:17-82
142        </service>
143
144        <provider
144-->[com.google.firebase:firebase-common:22.0.0] AndroidManifest.xml:23:9-28:39
145            android:name="com.google.firebase.provider.FirebaseInitProvider"
145-->[com.google.firebase:firebase-common:22.0.0] AndroidManifest.xml:24:13-77
146            android:authorities="dev.aurakai.auraframefx.debug.firebaseinitprovider"
146-->[com.google.firebase:firebase-common:22.0.0] AndroidManifest.xml:25:13-72
147            android:directBootAware="true"
147-->[com.google.firebase:firebase-common:22.0.0] AndroidManifest.xml:26:13-43
148            android:exported="false"
148-->[com.google.firebase:firebase-common:22.0.0] AndroidManifest.xml:27:13-37
149            android:initOrder="100" />
149-->[com.google.firebase:firebase-common:22.0.0] AndroidManifest.xml:28:13-36
150
151        <receiver
151-->[com.google.android.gms:play-services-measurement:23.0.0] AndroidManifest.xml:29:9-33:20
152            android:name="com.google.android.gms.measurement.AppMeasurementReceiver"
152-->[com.google.android.gms:play-services-measurement:23.0.0] AndroidManifest.xml:30:13-85
153            android:enabled="true"
153-->[com.google.android.gms:play-services-measurement:23.0.0] AndroidManifest.xml:31:13-35
154            android:exported="false" >
154-->[com.google.android.gms:play-services-measurement:23.0.0] AndroidManifest.xml:32:13-37
155        </receiver>
156
157        <service
157-->[com.google.android.gms:play-services-measurement:23.0.0] AndroidManifest.xml:35:9-38:40
158            android:name="com.google.android.gms.measurement.AppMeasurementService"
158-->[com.google.android.gms:play-services-measurement:23.0.0] AndroidManifest.xml:36:13-84
159            android:enabled="true"
159-->[com.google.android.gms:play-services-measurement:23.0.0] AndroidManifest.xml:37:13-35
160            android:exported="false" />
160-->[com.google.android.gms:play-services-measurement:23.0.0] AndroidManifest.xml:38:13-37
161        <service
161-->[com.google.android.gms:play-services-measurement:23.0.0] AndroidManifest.xml:39:9-43:72
162            android:name="com.google.android.gms.measurement.AppMeasurementJobService"
162-->[com.google.android.gms:play-services-measurement:23.0.0] AndroidManifest.xml:40:13-87
163            android:enabled="true"
163-->[com.google.android.gms:play-services-measurement:23.0.0] AndroidManifest.xml:41:13-35
164            android:exported="false"
164-->[com.google.android.gms:play-services-measurement:23.0.0] AndroidManifest.xml:42:13-37
165            android:permission="android.permission.BIND_JOB_SERVICE" />
165-->[com.google.android.gms:play-services-measurement:23.0.0] AndroidManifest.xml:43:13-69
166        <service
166-->[androidx.room:room-runtime-android:2.7.2] AndroidManifest.xml:24:9-28:63
167            android:name="androidx.room.MultiInstanceInvalidationService"
167-->[androidx.room:room-runtime-android:2.7.2] AndroidManifest.xml:25:13-74
168            android:directBootAware="true"
168-->[androidx.room:room-runtime-android:2.7.2] AndroidManifest.xml:26:13-43
169            android:exported="false" />
169-->[androidx.room:room-runtime-android:2.7.2] AndroidManifest.xml:27:13-37
170
171        <activity
171-->[com.google.android.gms:play-services-base:18.5.0] AndroidManifest.xml:5:9-173
172            android:name="com.google.android.gms.common.api.GoogleApiActivity"
172-->[com.google.android.gms:play-services-base:18.5.0] AndroidManifest.xml:5:19-85
173            android:exported="false"
173-->[com.google.android.gms:play-services-base:18.5.0] AndroidManifest.xml:5:146-170
174            android:theme="@android:style/Theme.Translucent.NoTitleBar" />
174-->[com.google.android.gms:play-services-base:18.5.0] AndroidManifest.xml:5:86-145
175
176        <uses-library
176-->[androidx.window:window:1.0.0] AndroidManifest.xml:25:9-27:40
177            android:name="androidx.window.extensions"
177-->[androidx.window:window:1.0.0] AndroidManifest.xml:26:13-54
178            android:required="false" />
178-->[androidx.window:window:1.0.0] AndroidManifest.xml:27:13-37
179        <uses-library
179-->[androidx.window:window:1.0.0] AndroidManifest.xml:28:9-30:40
180            android:name="androidx.window.sidecar"
180-->[androidx.window:window:1.0.0] AndroidManifest.xml:29:13-51
181            android:required="false" />
181-->[androidx.window:window:1.0.0] AndroidManifest.xml:30:13-37
182
183        <provider
183-->[androidx.emoji2:emoji2:1.4.0] AndroidManifest.xml:24:9-32:20
184            android:name="androidx.startup.InitializationProvider"
184-->[androidx.emoji2:emoji2:1.4.0] AndroidManifest.xml:25:13-67
185            android:authorities="dev.aurakai.auraframefx.debug.androidx-startup"
185-->[androidx.emoji2:emoji2:1.4.0] AndroidManifest.xml:26:13-68
186            android:exported="false" >
186-->[androidx.emoji2:emoji2:1.4.0] AndroidManifest.xml:27:13-37
187            <meta-data
187-->[androidx.emoji2:emoji2:1.4.0] AndroidManifest.xml:29:13-31:52
188                android:name="androidx.emoji2.text.EmojiCompatInitializer"
188-->[androidx.emoji2:emoji2:1.4.0] AndroidManifest.xml:30:17-75
189                android:value="androidx.startup" />
189-->[androidx.emoji2:emoji2:1.4.0] AndroidManifest.xml:31:17-49
190            <meta-data
190-->[androidx.lifecycle:lifecycle-process:2.9.2] AndroidManifest.xml:29:13-31:52
191                android:name="androidx.lifecycle.ProcessLifecycleInitializer"
191-->[androidx.lifecycle:lifecycle-process:2.9.2] AndroidManifest.xml:30:17-78
192                android:value="androidx.startup" />
192-->[androidx.lifecycle:lifecycle-process:2.9.2] AndroidManifest.xml:31:17-49
193            <meta-data
193-->[com.squareup.okhttp3:okhttp-android:5.1.0] AndroidManifest.xml:16:13-18:52
194                android:name="okhttp3.internal.platform.PlatformInitializer"
194-->[com.squareup.okhttp3:okhttp-android:5.1.0] AndroidManifest.xml:17:17-77
195                android:value="androidx.startup" />
195-->[com.squareup.okhttp3:okhttp-android:5.1.0] AndroidManifest.xml:18:17-49
196            <meta-data
196-->[androidx.profileinstaller:profileinstaller:1.4.0] AndroidManifest.xml:29:13-31:52
197                android:name="androidx.profileinstaller.ProfileInstallerInitializer"
197-->[androidx.profileinstaller:profileinstaller:1.4.0] AndroidManifest.xml:30:17-85
198                android:value="androidx.startup" />
198-->[androidx.profileinstaller:profileinstaller:1.4.0] AndroidManifest.xml:31:17-49
199        </provider>
200
201        <uses-library
201-->[androidx.privacysandbox.ads:ads-adservices:1.1.0-beta11] AndroidManifest.xml:23:9-25:40
202            android:name="android.ext.adservices"
202-->[androidx.privacysandbox.ads:ads-adservices:1.1.0-beta11] AndroidManifest.xml:24:13-50
203            android:required="false" />
203-->[androidx.privacysandbox.ads:ads-adservices:1.1.0-beta11] AndroidManifest.xml:25:13-37
204
205        <meta-data
205-->[com.google.android.gms:play-services-basement:18.5.0] AndroidManifest.xml:21:9-23:69
206            android:name="com.google.android.gms.version"
206-->[com.google.android.gms:play-services-basement:18.5.0] AndroidManifest.xml:22:13-58
207            android:value="@integer/google_play_services_version" />
207-->[com.google.android.gms:play-services-basement:18.5.0] AndroidManifest.xml:23:13-66
208
209        <activity
209-->[androidx.compose.ui:ui-test-manifest:1.9.0-rc01] AndroidManifest.xml:23:9-26:79
210            android:name="androidx.activity.ComponentActivity"
210-->[androidx.compose.ui:ui-test-manifest:1.9.0-rc01] AndroidManifest.xml:24:13-63
211            android:exported="true"
211-->[androidx.compose.ui:ui-test-manifest:1.9.0-rc01] AndroidManifest.xml:25:13-36
212            android:theme="@android:style/Theme.Material.Light.NoActionBar" />
212-->[androidx.compose.ui:ui-test-manifest:1.9.0-rc01] AndroidManifest.xml:26:13-76
213
214        <provider
214-->[com.squareup.leakcanary:leakcanary-android-core:2.14] AndroidManifest.xml:32:9-40:20
215            android:name="leakcanary.internal.LeakCanaryFileProvider"
215-->[com.squareup.leakcanary:leakcanary-android-core:2.14] AndroidManifest.xml:33:13-70
216            android:authorities="com.squareup.leakcanary.fileprovider.dev.aurakai.auraframefx.debug"
216-->[com.squareup.leakcanary:leakcanary-android-core:2.14] AndroidManifest.xml:34:13-88
217            android:exported="false"
217-->[com.squareup.leakcanary:leakcanary-android-core:2.14] AndroidManifest.xml:35:13-37
218            android:grantUriPermissions="true" >
218-->[com.squareup.leakcanary:leakcanary-android-core:2.14] AndroidManifest.xml:36:13-47
219            <meta-data
219-->[com.squareup.leakcanary:leakcanary-android-core:2.14] AndroidManifest.xml:37:13-39:66
220                android:name="android.support.FILE_PROVIDER_PATHS"
220-->[com.squareup.leakcanary:leakcanary-android-core:2.14] AndroidManifest.xml:38:17-67
221                android:resource="@xml/leak_canary_file_paths" />
221-->[com.squareup.leakcanary:leakcanary-android-core:2.14] AndroidManifest.xml:39:17-63
222        </provider>
223
224        <activity
224-->[com.squareup.leakcanary:leakcanary-android-core:2.14] AndroidManifest.xml:42:9-73:20
225            android:name="leakcanary.internal.activity.LeakActivity"
225-->[com.squareup.leakcanary:leakcanary-android-core:2.14] AndroidManifest.xml:43:13-69
226            android:exported="true"
226-->[com.squareup.leakcanary:leakcanary-android-core:2.14] AndroidManifest.xml:44:13-36
227            android:icon="@mipmap/leak_canary_icon"
227-->[com.squareup.leakcanary:leakcanary-android-core:2.14] AndroidManifest.xml:45:13-52
228            android:label="@string/leak_canary_display_activity_label"
228-->[com.squareup.leakcanary:leakcanary-android-core:2.14] AndroidManifest.xml:46:13-71
229            android:taskAffinity="com.squareup.leakcanary.dev.aurakai.auraframefx.debug"
229-->[com.squareup.leakcanary:leakcanary-android-core:2.14] AndroidManifest.xml:47:13-76
230            android:theme="@style/leak_canary_LeakCanary.Base" >
230-->[com.squareup.leakcanary:leakcanary-android-core:2.14] AndroidManifest.xml:48:13-63
231            <intent-filter android:label="@string/leak_canary_import_hprof_file" >
231-->[com.squareup.leakcanary:leakcanary-android-core:2.14] AndroidManifest.xml:49:13-72:29
231-->[com.squareup.leakcanary:leakcanary-android-core:2.14] AndroidManifest.xml:49:28-81
232                <action android:name="android.intent.action.VIEW" />
232-->[com.squareup.leakcanary:leakcanary-android-core:2.14] AndroidManifest.xml:50:17-69
232-->[com.squareup.leakcanary:leakcanary-android-core:2.14] AndroidManifest.xml:50:25-66
233
234                <category android:name="android.intent.category.DEFAULT" />
234-->[com.squareup.leakcanary:leakcanary-android-core:2.14] AndroidManifest.xml:52:17-76
234-->[com.squareup.leakcanary:leakcanary-android-core:2.14] AndroidManifest.xml:52:27-73
235                <category android:name="android.intent.category.BROWSABLE" />
235-->[com.squareup.leakcanary:leakcanary-android-core:2.14] AndroidManifest.xml:53:17-78
235-->[com.squareup.leakcanary:leakcanary-android-core:2.14] AndroidManifest.xml:53:27-75
236
237                <data android:scheme="file" />
237-->[com.squareup.leakcanary:leakcanary-android-core:2.14] AndroidManifest.xml:55:17-47
237-->[com.squareup.leakcanary:leakcanary-android-core:2.14] AndroidManifest.xml:55:23-44
238                <data android:scheme="content" />
238-->[com.squareup.leakcanary:leakcanary-android-core:2.14] AndroidManifest.xml:55:17-47
238-->[com.squareup.leakcanary:leakcanary-android-core:2.14] AndroidManifest.xml:55:23-44
239                <data android:mimeType="*/*" />
239-->[com.squareup.leakcanary:leakcanary-android-core:2.14] AndroidManifest.xml:55:17-47
240                <data android:host="*" />
240-->[com.squareup.leakcanary:leakcanary-android-core:2.14] AndroidManifest.xml:55:17-47
241                <data android:pathPattern=".*\\.hprof" />
241-->[com.squareup.leakcanary:leakcanary-android-core:2.14] AndroidManifest.xml:55:17-47
242                <data android:pathPattern=".*\\..*\\.hprof" />
242-->[com.squareup.leakcanary:leakcanary-android-core:2.14] AndroidManifest.xml:55:17-47
243                <data android:pathPattern=".*\\..*\\..*\\.hprof" />
243-->[com.squareup.leakcanary:leakcanary-android-core:2.14] AndroidManifest.xml:55:17-47
244                <data android:pathPattern=".*\\..*\\..*\\..*\\.hprof" />
244-->[com.squareup.leakcanary:leakcanary-android-core:2.14] AndroidManifest.xml:55:17-47
245                <data android:pathPattern=".*\\..*\\..*\\..*\\..*\\.hprof" />
245-->[com.squareup.leakcanary:leakcanary-android-core:2.14] AndroidManifest.xml:55:17-47
246                <data android:pathPattern=".*\\..*\\..*\\..*\\..*\\..*\\.hprof" />
246-->[com.squareup.leakcanary:leakcanary-android-core:2.14] AndroidManifest.xml:55:17-47
247                <data android:pathPattern=".*\\..*\\..*\\..*\\..*\\..*\\..*\\.hprof" />
247-->[com.squareup.leakcanary:leakcanary-android-core:2.14] AndroidManifest.xml:55:17-47
248                <!--
249            Since hprof isn't a standard MIME type, we have to declare such patterns.
250            Most file providers will generate URIs including their own package name,
251            which contains `.` characters that must be explicitly escaped in pathPattern.
252            @see https://stackoverflow.com/a/31028507/703646
253                -->
254            </intent-filter>
255        </activity>
256
257        <activity-alias
257-->[com.squareup.leakcanary:leakcanary-android-core:2.14] AndroidManifest.xml:75:9-92:26
258            android:name="leakcanary.internal.activity.LeakLauncherActivity"
258-->[com.squareup.leakcanary:leakcanary-android-core:2.14] AndroidManifest.xml:76:13-77
259            android:banner="@drawable/leak_canary_tv_icon"
259-->[com.squareup.leakcanary:leakcanary-android-core:2.14] AndroidManifest.xml:77:13-59
260            android:enabled="@bool/leak_canary_add_launcher_icon"
260-->[com.squareup.leakcanary:leakcanary-android-core:2.14] AndroidManifest.xml:78:13-66
261            android:exported="true"